<?xml version="1.0" encoding="UTF-8"?>
<TestRun id="e3478c40-23f9-4029-a8ef-f8d64db1e6b2" name="ali@PUMA 2012-06-23 23:32:42" runUser="PUMA\ali" xmlns="http://microsoft.com/schemas/VisualStudio/TeamTest/2010">
  <TestSettings name="Local" id="1db55c4e-71f7-429e-8e4c-89e063ba7247">
    <Description>These are default test settings for a local test run.</Description>
    <Deployment userDeploymentRoot="c:\users\ali\documents\visual studio 2010\Projects\Horvath\TestResults" useDefaultDeploymentRoot="false" enabled="false" runDeploymentRoot="ali_PUMA 2012-06-23 23_32_42">
      <DeploymentItem filename="c:\users\ali\documents\visual studio 2010\Projects\Horvath\Horvath.IntegrationProvider\bin\Debug\Horvath.IntegrationProvider.dll" />
      <DeploymentItem filename="c:\users\ali\documents\visual studio 2010\Projects\Horvath\packages\RestSharp.103.1\lib\net4\RestSharp.dll" />
    </Deployment>
    <Execution>
      <TestTypeSpecific />
      <AgentRule name="Execution Agents">
      </AgentRule>
    </Execution>
  </TestSettings>
  <Times creation="2012-06-23T23:32:42.6363234+05:00" queuing="2012-06-23T23:32:45.5874012+05:00" start="2012-06-23T23:32:45.7374014+05:00" finish="2012-06-23T23:33:14.6774598+05:00" />
  <ResultSummary outcome="Completed">
    <Counters total="1" executed="1" passed="1" error="0" failed="0" timeout="0" aborted="0" inconclusive="0" passedButRunAborted="0" notRunnable="0" notExecuted="0" disconnected="0" warning="0" completed="0" inProgress="0" pending="0" />
  </ResultSummary>
  <TestDefinitions>
    <UnitTest name="CheckConnectivityTest" storage="c:\users\ali\documents\visual studio 2010\projects\horvath\horvath.tests\bin\debug\horvath.tests.dll" id="fb217af5-635d-0a95-fe4e-8d70f0999210">
      <Execution id="38e09b9b-2633-4fc9-a410-cea83dd0aa08" />
      <TestMethod codeBase="c:/users/ali/documents/visual studio 2010/Projects/Horvath/Horvath.Tests/bin/Debug/Horvath.Tests.DLL" adapterTypeName="Microsoft.VisualStudio.TestTools.TestTypes.Unit.UnitTestAdapter, Microsoft.VisualStudio.QualityTools.Tips.UnitTest.Adapter, Version=10.0.0.0, Culture=neutral, PublicKeyToken=b03f5f7f11d50a3a" className="Horvath.Tests.IntegrationProviderTest, Horvath.Tests, Version=1.0.0.0, Culture=neutral, PublicKeyToken=null" name="CheckConnectivityTest" />
    </UnitTest>
  </TestDefinitions>
  <TestLists>
    <TestList name="Results Not in a List" id="8c84fa94-04c1-424b-9868-57a2d4851a1d" />
    <TestList name="All Loaded Results" id="19431567-8539-422a-85d7-44ee4e166bda" />
  </TestLists>
  <TestEntries>
    <TestEntry testId="fb217af5-635d-0a95-fe4e-8d70f0999210" executionId="38e09b9b-2633-4fc9-a410-cea83dd0aa08" testListId="8c84fa94-04c1-424b-9868-57a2d4851a1d" />
  </TestEntries>
  <Results>
    <UnitTestResult executionId="38e09b9b-2633-4fc9-a410-cea83dd0aa08" testId="fb217af5-635d-0a95-fe4e-8d70f0999210" testName="CheckConnectivityTest" computerName="PUMA" duration="00:00:26.4761596" startTime="2012-06-23T23:32:45.8774016+05:00" endTime="2012-06-23T23:33:14.4174595+05:00" testType="13cdc9d9-ddb5-4fa4-a97d-d965ccfc6d4b" outcome="Passed" testListId="8c84fa94-04c1-424b-9868-57a2d4851a1d" relativeResultsDirectory="38e09b9b-2633-4fc9-a410-cea83dd0aa08">
      <Output>
        <StdOut>Wrong Password Or User Name</StdOut>
      </Output>
    </UnitTestResult>
  </Results>
</TestRun>