<?xml version="1.0" encoding="UTF-8"?>
<TestRun id="1ecac477-006e-4893-bbf2-582748fccb0a" name="ali@PUMA 2012-06-23 23:14:00" runUser="PUMA\ali" xmlns="http://microsoft.com/schemas/VisualStudio/TeamTest/2010">
  <TestSettings name="Local" id="1db55c4e-71f7-429e-8e4c-89e063ba7247">
    <Description>These are default test settings for a local test run.</Description>
    <Deployment userDeploymentRoot="c:\users\ali\documents\visual studio 2010\Projects\Horvath\TestResults" useDefaultDeploymentRoot="false" enabled="false" runDeploymentRoot="ali_PUMA 2012-06-23 23_14_00">
      <DeploymentItem filename="c:\users\ali\documents\visual studio 2010\Projects\Horvath\Horvath.IntegrationProvider\bin\Debug\Horvath.IntegrationProvider.dll" />
      <DeploymentItem filename="c:\users\ali\documents\visual studio 2010\Projects\Horvath\packages\RestSharp.103.1\lib\net4\RestSharp.dll" />
    </Deployment>
    <Execution>
      <TestTypeSpecific />
      <AgentRule name="Execution Agents">
      </AgentRule>
    </Execution>
  </TestSettings>
  <Times creation="2012-06-23T23:14:00.6405693+05:00" queuing="2012-06-23T23:14:03.9361753+05:00" start="2012-06-23T23:14:04.0297755+05:00" finish="2012-06-23T23:14:07.5573818+05:00" />
  <ResultSummary outcome="Completed">
    <Counters total="1" executed="1" passed="1" error="0" failed="0" timeout="0" aborted="0" inconclusive="0" passedButRunAborted="0" notRunnable="0" notExecuted="0" disconnected="0" warning="0" completed="0" inProgress="0" pending="0" />
  </ResultSummary>
  <TestDefinitions>
    <UnitTest name="CheckConnectivityTest" storage="c:\users\ali\documents\visual studio 2010\projects\horvath\horvath.tests\bin\debug\horvath.tests.dll" id="fb217af5-635d-0a95-fe4e-8d70f0999210">
      <Execution id="06ee807b-d333-4567-ad61-1ba1c98bebce" />
      <TestMethod codeBase="c:/users/ali/documents/visual studio 2010/Projects/Horvath/Horvath.Tests/bin/Debug/Horvath.Tests.DLL" adapterTypeName="Microsoft.VisualStudio.TestTools.TestTypes.Unit.UnitTestAdapter, Microsoft.VisualStudio.QualityTools.Tips.UnitTest.Adapter, Version=10.0.0.0, Culture=neutral, PublicKeyToken=b03f5f7f11d50a3a" className="Horvath.Tests.IntegrationProviderTest, Horvath.Tests, Version=1.0.0.0, Culture=neutral, PublicKeyToken=null" name="CheckConnectivityTest" />
    </UnitTest>
  </TestDefinitions>
  <TestLists>
    <TestList name="Results Not in a List" id="8c84fa94-04c1-424b-9868-57a2d4851a1d" />
    <TestList name="All Loaded Results" id="19431567-8539-422a-85d7-44ee4e166bda" />
  </TestLists>
  <TestEntries>
    <TestEntry testId="fb217af5-635d-0a95-fe4e-8d70f0999210" executionId="06ee807b-d333-4567-ad61-1ba1c98bebce" testListId="8c84fa94-04c1-424b-9868-57a2d4851a1d" />
  </TestEntries>
  <Results>
    <UnitTestResult executionId="06ee807b-d333-4567-ad61-1ba1c98bebce" testId="fb217af5-635d-0a95-fe4e-8d70f0999210" testName="CheckConnectivityTest" computerName="PUMA" duration="00:00:00.1528601" startTime="2012-06-23T23:14:04.1389756+05:00" endTime="2012-06-23T23:14:07.2453812+05:00" testType="13cdc9d9-ddb5-4fa4-a97d-d965ccfc6d4b" outcome="Passed" testListId="8c84fa94-04c1-424b-9868-57a2d4851a1d" relativeResultsDirectory="06ee807b-d333-4567-ad61-1ba1c98bebce">
    </UnitTestResult>
  </Results>
</TestRun>